Mono path[0] = '/Users/apparettedare/RollerBall/rollerball_app.app/Contents/Resources/Data/Managed'
Mono config path = '/Users/apparettedare/RollerBall/rollerball_app.app/Contents/MonoBleedingEdge/etc'
Initialize engine version: 2020.3.38f1 (8f5fde82e2dc)
[Subsystems] Discovering subsystems at path /Users/apparettedare/RollerBall/rollerball_app.app/Contents/Resources/Data/UnitySubsystems
GfxDevice: creating device client; threaded=1
2024-11-08 20:27:09.387 RollerBall[81451:554631] Color LCD preferred device: Intel(R) UHD Graphics 617 (low power)
2024-11-08 20:27:09.387 RollerBall[81451:554631] Metal devices available: 1
2024-11-08 20:27:09.388 RollerBall[81451:554631] 0: Intel(R) UHD Graphics 617 (low power)
2024-11-08 20:27:09.389 RollerBall[81451:554631] Using device Intel(R) UHD Graphics 617 (low power)
Initializing Metal device caps: Intel(R) UHD Graphics 617
Begin MonoManager ReloadAssembly
- Completed reload, in  0.699 seconds
UnloadTime: 2.425197 ms
Fallback handler could not load library /Users/apparettedare/RollerBall/rollerball_app.app/Contents/Frameworks/MonoEmbedRuntime/osx/libcoreclr.so
Fallback handler could not load library /Users/apparettedare/RollerBall/rollerball_app.app/Contents/Frameworks/MonoEmbedRuntime/osx/libcoreclr.so.dylib
Fallback handler could not load library /Users/apparettedare/RollerBall/rollerball_app.app/Contents/Frameworks/MonoEmbedRuntime/osx/libcoreclr.so
Fallback handler could not load library /Users/apparettedare/RollerBall/rollerball_app.app/Contents/Frameworks/MonoEmbedRuntime/osx/libcoreclr.so.bundle
Fallback handler could not load library /Users/apparettedare/RollerBall/rollerball_app.app/Contents/Frameworks/MonoEmbedRuntime/osx/libcoreclr.so
Fallback handler could not load library /Users/apparettedare/RollerBall/rollerball_app.app/Contents/Frameworks/MonoEmbedRuntime/osx/libdl.so
Fallback handler could not load library /Users/apparettedare/RollerBall/rollerball_app.app/Contents/Frameworks/MonoEmbedRuntime/osx/libdl.so.dylib
Fallback handler could not load library /Users/apparettedare/RollerBall/rollerball_app.app/Contents/Frameworks/MonoEmbedRuntime/osx/libdl.so
Fallback handler could not load library /Users/apparettedare/RollerBall/rollerball_app.app/Contents/Frameworks/MonoEmbedRuntime/osx/libdl.so.bundle
Fallback handler could not load library /Users/apparettedare/RollerBall/rollerball_app.app/Contents/Frameworks/MonoEmbedRuntime/osx/libdl.so
Fallback handler could not load library /Users/apparettedare/RollerBall/rollerball_app.app/Contents/Frameworks/MonoEmbedRuntime/osx/libcoreclr.so
Fallback handler could not load library /Users/apparettedare/RollerBall/rollerball_app.app/Contents/Frameworks/MonoEmbedRuntime/osx/libcoreclr.so.dylib
Fallback handler could not load library /Users/apparettedare/RollerBall/rollerball_app.app/Contents/Frameworks/MonoEmbedRuntime/osx/libcoreclr.so
Fallback handler could not load library /Users/apparettedare/RollerBall/rollerball_app.app/Contents/Frameworks/MonoEmbedRuntime/osx/libcoreclr.so.bundle
Fallback handler could not load library /Users/apparettedare/RollerBall/rollerball_app.app/Contents/Frameworks/MonoEmbedRuntime/osx/libcoreclr.so
Fallback handler could not load library /Users/apparettedare/RollerBall/rollerball_app.app/Contents/Frameworks/MonoEmbedRuntime/osx/libdl.so
Fallback handler could not load library /Users/apparettedare/RollerBall/rollerball_app.app/Contents/Frameworks/MonoEmbedRuntime/osx/libdl.so.dylib
Fallback handler could not load library /Users/apparettedare/RollerBall/rollerball_app.app/Contents/Frameworks/MonoEmbedRuntime/osx/libdl.so
Fallback handler could not load library /Users/apparettedare/RollerBall/rollerball_app.app/Contents/Frameworks/MonoEmbedRuntime/osx/libdl.so.bundle
Fallback handler could not load library /Users/apparettedare/RollerBall/rollerball_app.app/Contents/Frameworks/MonoEmbedRuntime/osx/libdl.so
Setting up 2 worker threads for Enlighten.
  Thread -> id: 70000548a000 -> priority: 1 
  Thread -> id: 7000067b3000 -> priority: 1 
Fallback handler could not load library /Users/apparettedare/RollerBall/rollerball_app.app/Contents/Frameworks/MonoEmbedRuntime/osx/libadvapi32.dll
Fallback handler could not load library /Users/apparettedare/RollerBall/rollerball_app.app/Contents/Frameworks/MonoEmbedRuntime/osx/libadvapi32.dll.dylib
Fallback handler could not load library /Users/apparettedare/RollerBall/rollerball_app.app/Contents/Frameworks/MonoEmbedRuntime/osx/libadvapi32.dll.so
Fallback handler could not load library /Users/apparettedare/RollerBall/rollerball_app.app/Contents/Frameworks/MonoEmbedRuntime/osx/libadvapi32.dll.bundle
Fallback handler could not load library /Users/apparettedare/RollerBall/rollerball_app.app/Contents/Frameworks/MonoEmbedRuntime/osx/advapi32.dll
Fallback handler could not load library /Users/apparettedare/RollerBall/rollerball_app.app/Contents/Frameworks/MonoEmbedRuntime/osx/libadvapi32
Fallback handler could not load library /Users/apparettedare/RollerBall/rollerball_app.app/Contents/Frameworks/MonoEmbedRuntime/osx/libadvapi32.dylib
Fallback handler could not load library /Users/apparettedare/RollerBall/rollerball_app.app/Contents/Frameworks/MonoEmbedRuntime/osx/libadvapi32.so
Fallback handler could not load library /Users/apparettedare/RollerBall/rollerball_app.app/Contents/Frameworks/MonoEmbedRuntime/osx/libadvapi32.bundle
Fallback handler could not load library /Users/apparettedare/RollerBall/rollerball_app.app/Contents/Frameworks/MonoEmbedRuntime/osx/advapi32
Fallback handler could not load library /Users/apparettedare/RollerBall/rollerball_app.app/Contents/Frameworks/MonoEmbedRuntime/osx/libadvapi32.dll
Fallback handler could not load library /Users/apparettedare/RollerBall/rollerball_app.app/Contents/Frameworks/MonoEmbedRuntime/osx/libadvapi32.dll.dylib
Fallback handler could not load library /Users/apparettedare/RollerBall/rollerball_app.app/Contents/Frameworks/MonoEmbedRuntime/osx/libadvapi32.dll.so
Fallback handler could not load library /Users/apparettedare/RollerBall/rollerball_app.app/Contents/Frameworks/MonoEmbedRuntime/osx/libadvapi32.dll.bundle
Fallback handler could not load library /Users/apparettedare/RollerBall/rollerball_app.app/Contents/Frameworks/MonoEmbedRuntime/osx/libadvapi32.dll
